<?xml version="1.0" encoding="UTF-8"?>
<!-- Generated by org.testng.reporters.JUnitReportReporter -->
<testsuite hostname="DESKTOP-BVVFRD3" failures="0" tests="1" name="test_package.FirstTest" time="0.012" errors="0" timestamp="11 Jan 2023 19:12:06 GMT">
  <testcase classname="test_package.FirstTest" name="test" time="0.012"/>
</testsuite>
