<?xml version="1.0" encoding="UTF-8"?>
<!-- Generated by org.testng.reporters.JUnitReportReporter -->
<testsuite hostname="DESKTOP-BVVFRD3" failures="0" tests="1" name="FirstTest" time="0.008" errors="0" timestamp="11 Jan 2023 18:49:13 GMT">
  <testcase classname="FirstTest" name="test" time="0.008"/>
</testsuite>
